<?xml version="1.0" encoding="UTF-8"?>
<testsuite xmlns:xsi="http://www.w3.org/2001/XMLSchema-instance" xsi:schemaLocation="https://maven.apache.org/surefire/maven-surefire-plugin/xsd/surefire-test-report.xsd" name="org.guldenj.wallet.KeyChainGroupTest" time="1.329" tests="29" errors="0" skipped="0" failures="0">
  <properties>
[...]
</properties>
  <testcase name="isWatchingNoKeys" classname="org.guldenj.wallet.KeyChainGroupTest" time="0.025"/>
  <testcase name="isWatchingMixedKeys" classname="org.guldenj.wallet.KeyChainGroupTest" time="0.029"/>
  <testcase name="serializeWatching" classname="org.guldenj.wallet.KeyChainGroupTest" time="0.037"/>
  <testcase name="freshAddress" classname="org.guldenj.wallet.KeyChainGroupTest" time="0.061"/>
  <testcase name="events" classname="org.guldenj.wallet.KeyChainGroupTest" time="0.028"/>
  <testcase name="encryptionWithoutImported" classname="org.guldenj.wallet.KeyChainGroupTest" time="0.032"/>
  <testcase name="freshCurrentKeys" classname="org.guldenj.wallet.KeyChainGroupTest" time="0.034"/>
  <testcase name="findKey" classname="org.guldenj.wallet.KeyChainGroupTest" time="0.026"/>
  <testcase name="earliestKeyTime" classname="org.guldenj.wallet.KeyChainGroupTest" time="0.03"/>
  <testcase name="encryptionWithImported" classname="org.guldenj.wallet.KeyChainGroupTest" time="0.032"/>
  <testcase name="isNotWatching" classname="org.guldenj.wallet.KeyChainGroupTest" time="0.029"/>
  <testcase name="isWatching" classname="org.guldenj.wallet.KeyChainGroupTest" time="0.033"/>
  <testcase name="deterministicUpgradeUnencrypted" classname="org.guldenj.wallet.KeyChainGroupTest" time="0.08"/>
  <testcase name="constructFromSeed" classname="org.guldenj.wallet.KeyChainGroupTest" time="0.028"/>
  <testcase name="markAsUsed" classname="org.guldenj.wallet.KeyChainGroupTest" time="0.026"/>
  <testcase name="bloom" classname="org.guldenj.wallet.KeyChainGroupTest" time="0.03"/>
  <testcase name="findRedeemScriptFromPubHash" classname="org.guldenj.wallet.KeyChainGroupTest" time="0.118"/>
  <testcase name="deterministicUpgradeEncrypted" classname="org.guldenj.wallet.KeyChainGroupTest" time="0.105"/>
  <testcase name="currentP2SHAddress" classname="org.guldenj.wallet.KeyChainGroupTest" time="0.057"/>
  <testcase name="bloomFilterForMarriedChains" classname="org.guldenj.wallet.KeyChainGroupTest" time="0.065"/>
  <testcase name="addFollowingAccounts" classname="org.guldenj.wallet.KeyChainGroupTest" time="0.058"/>
  <testcase name="deterministicUpgradeRequired" classname="org.guldenj.wallet.KeyChainGroupTest" time="0.021"/>
  <testcase name="findRedeemData" classname="org.guldenj.wallet.KeyChainGroupTest" time="0.061"/>
  <testcase name="serialization" classname="org.guldenj.wallet.KeyChainGroupTest" time="0.035"/>
  <testcase name="freshCurrentKeysForMarriedKeychain" classname="org.guldenj.wallet.KeyChainGroupTest" time="0.054"/>
  <testcase name="deterministicUpgradeRotating" classname="org.guldenj.wallet.KeyChainGroupTest" time="0.051"/>
  <testcase name="serializeMarried" classname="org.guldenj.wallet.KeyChainGroupTest" time="0.059"/>
  <testcase name="imports" classname="org.guldenj.wallet.KeyChainGroupTest" time="0.029"/>
  <testcase name="encryptionWhilstEmpty" classname="org.guldenj.wallet.KeyChainGroupTest" time="0.055"/>
</testsuite>