<?xml version="1.0" encoding="UTF-8"?>
<testsuite name="org.guldenj.core.LazyParseByteCacheTest" time="0.123" tests="6" errors="4" skipped="0" failures="0">
  <properties>
[...]
</properties>
  <testcase name="testTransactionsLazyRetain" classname="org.guldenj.core.LazyParseByteCacheTest" time="0.001">
    <error message="dbc3c854ae2c85cd74fd542ade4f0c5785a49f321656ff1edc9799154463591b" type="java.lang.IllegalStateException"><![CDATA[java.lang.IllegalStateException: dbc3c854ae2c85cd74fd542ade4f0c5785a49f321656ff1edc9799154463591b
	at com.google.common.base.Preconditions.checkState(Preconditions.java:176)
	at org.guldenj.params.MainNetParams.<init>(MainNetParams.java:52)
	at org.guldenj.params.MainNetParams.get(MainNetParams.java:106)
	at org.guldenj.core.LazyParseByteCacheTest.testTransactionsLazyRetain(LazyParseByteCacheTest.java:140)
]]></error>
    <system-err><![CDATA[13:37:18 1 MnemonicCode.toSeed: PBKDF2 took 30ms
13:37:18 1 KeyChainGroup.addAndActivateHDChain: Creating and activating a new HD chain: org.guldenj.wallet.DeterministicKeyChain@605000d4
13:37:18 1 DeterministicKeyChain.maybeLookAhead: 1 keys needed for M/0H/0 = 1 issued + 0 lookahead size + 0 lookahead threshold - 0 num children
13:37:18 1 DeterministicKeyChain.maybeLookAhead: Took 0 msec
13:37:18 1 DeterministicKeyChain.maybeLookAhead: 1 keys needed for M/0H/0 = 2 issued + 0 lookahead size + 0 lookahead threshold - 1 num children
13:37:18 1 DeterministicKeyChain.maybeLookAhead: Took 1 msec
]]></system-err>
  </testcase>
  <testcase name="validateSetup" classname="org.guldenj.core.LazyParseByteCacheTest" time="0"/>
  <testcase name="testBlockAll" classname="org.guldenj.core.LazyParseByteCacheTest" time="0.001"/>
  <testcase name="testTransactionsNoLazyNoRetain" classname="org.guldenj.core.LazyParseByteCacheTest" time="0.043">
    <error message="dbc3c854ae2c85cd74fd542ade4f0c5785a49f321656ff1edc9799154463591b" type="java.lang.IllegalStateException"><![CDATA[java.lang.IllegalStateException: dbc3c854ae2c85cd74fd542ade4f0c5785a49f321656ff1edc9799154463591b
	at com.google.common.base.Preconditions.checkState(Preconditions.java:176)
	at org.guldenj.params.MainNetParams.<init>(MainNetParams.java:52)
	at org.guldenj.params.MainNetParams.get(MainNetParams.java:106)
	at org.guldenj.core.LazyParseByteCacheTest.testTransactionsNoLazyNoRetain(LazyParseByteCacheTest.java:154)
]]></error>
    <system-err><![CDATA[13:37:18 1 MnemonicCode.toSeed: PBKDF2 took 35ms
13:37:18 1 KeyChainGroup.addAndActivateHDChain: Creating and activating a new HD chain: org.guldenj.wallet.DeterministicKeyChain@2ff19416
13:37:18 1 DeterministicKeyChain.maybeLookAhead: 1 keys needed for M/0H/0 = 1 issued + 0 lookahead size + 0 lookahead threshold - 0 num children
13:37:18 1 DeterministicKeyChain.maybeLookAhead: Took 0 msec
13:37:18 1 DeterministicKeyChain.maybeLookAhead: 1 keys needed for M/0H/0 = 2 issued + 0 lookahead size + 0 lookahead threshold - 1 num children
13:37:18 1 DeterministicKeyChain.maybeLookAhead: Took 1 msec
]]></system-err>
  </testcase>
  <testcase name="testTransactionsLazyNoRetain" classname="org.guldenj.core.LazyParseByteCacheTest" time="0.037">
    <error message="dbc3c854ae2c85cd74fd542ade4f0c5785a49f321656ff1edc9799154463591b" type="java.lang.IllegalStateException"><![CDATA[java.lang.IllegalStateException: dbc3c854ae2c85cd74fd542ade4f0c5785a49f321656ff1edc9799154463591b
	at com.google.common.base.Preconditions.checkState(Preconditions.java:176)
	at org.guldenj.params.MainNetParams.<init>(MainNetParams.java:52)
	at org.guldenj.params.MainNetParams.get(MainNetParams.java:106)
	at org.guldenj.core.LazyParseByteCacheTest.testTransactionsLazyNoRetain(LazyParseByteCacheTest.java:147)
]]></error>
    <system-err><![CDATA[13:37:18 1 MnemonicCode.toSeed: PBKDF2 took 27ms
13:37:18 1 KeyChainGroup.addAndActivateHDChain: Creating and activating a new HD chain: org.guldenj.wallet.DeterministicKeyChain@32865c35
13:37:18 1 DeterministicKeyChain.maybeLookAhead: 1 keys needed for M/0H/0 = 1 issued + 0 lookahead size + 0 lookahead threshold - 0 num children
13:37:18 1 DeterministicKeyChain.maybeLookAhead: Took 0 msec
13:37:18 1 DeterministicKeyChain.maybeLookAhead: 1 keys needed for M/0H/0 = 2 issued + 0 lookahead size + 0 lookahead threshold - 1 num children
13:37:18 1 DeterministicKeyChain.maybeLookAhead: Took 0 msec
]]></system-err>
  </testcase>
  <testcase name="testTransactionsNoLazyRetain" classname="org.guldenj.core.LazyParseByteCacheTest" time="0.041">
    <error message="dbc3c854ae2c85cd74fd542ade4f0c5785a49f321656ff1edc9799154463591b" type="java.lang.IllegalStateException"><![CDATA[java.lang.IllegalStateException: dbc3c854ae2c85cd74fd542ade4f0c5785a49f321656ff1edc9799154463591b
	at com.google.common.base.Preconditions.checkState(Preconditions.java:176)
	at org.guldenj.params.MainNetParams.<init>(MainNetParams.java:52)
	at org.guldenj.params.MainNetParams.get(MainNetParams.java:106)
	at org.guldenj.core.LazyParseByteCacheTest.testTransactionsNoLazyRetain(LazyParseByteCacheTest.java:161)
]]></error>
    <system-err><![CDATA[13:37:18 1 MnemonicCode.toSeed: PBKDF2 took 30ms
13:37:18 1 KeyChainGroup.addAndActivateHDChain: Creating and activating a new HD chain: org.guldenj.wallet.DeterministicKeyChain@52b3a9c6
13:37:18 1 DeterministicKeyChain.maybeLookAhead: 1 keys needed for M/0H/0 = 1 issued + 0 lookahead size + 0 lookahead threshold - 0 num children
13:37:18 1 DeterministicKeyChain.maybeLookAhead: Took 0 msec
13:37:18 1 DeterministicKeyChain.maybeLookAhead: 1 keys needed for M/0H/0 = 2 issued + 0 lookahead size + 0 lookahead threshold - 1 num children
13:37:18 1 DeterministicKeyChain.maybeLookAhead: Took 0 msec
]]></system-err>
  </testcase>
</testsuite>