<?xml version="1.0" encoding="UTF-8"?>
<testsuite xmlns:xsi="http://www.w3.org/2001/XMLSchema-instance" xsi:schemaLocation="https://maven.apache.org/surefire/maven-surefire-plugin/xsd/surefire-test-report.xsd" name="org.guldenj.utils.MonetaryFormatTest" time="0" tests="27" errors="0" skipped="0" failures="0">
  <properties>
[...]
</properties>
  <testcase name="testDecimalMark" classname="org.guldenj.utils.MonetaryFormatTest" time="0"/>
  <testcase name="standardCodes" classname="org.guldenj.utils.MonetaryFormatTest" time="0"/>
  <testcase name="customCode" classname="org.guldenj.utils.MonetaryFormatTest" time="0"/>
  <testcase name="mBtcRounding" classname="org.guldenj.utils.MonetaryFormatTest" time="0"/>
  <testcase name="testSigns" classname="org.guldenj.utils.MonetaryFormatTest" time="0"/>
  <testcase name="noCode" classname="org.guldenj.utils.MonetaryFormatTest" time="0"/>
  <testcase name="parseInvalidMultipleDecimalMarks" classname="org.guldenj.utils.MonetaryFormatTest" time="0"/>
  <testcase name="parseInvalidPositiveSign" classname="org.guldenj.utils.MonetaryFormatTest" time="0"/>
  <testcase name="parseInvalidNegativeSign" classname="org.guldenj.utils.MonetaryFormatTest" time="0"/>
  <testcase name="codeOrientation" classname="org.guldenj.utils.MonetaryFormatTest" time="0"/>
  <testcase name="uBtcRounding" classname="org.guldenj.utils.MonetaryFormatTest" time="0"/>
  <testcase name="codeSeparator" classname="org.guldenj.utils.MonetaryFormatTest" time="0"/>
  <testcase name="fiat" classname="org.guldenj.utils.MonetaryFormatTest" time="0"/>
  <testcase name="parseInvalidWhitespaceSign" classname="org.guldenj.utils.MonetaryFormatTest" time="0"/>
  <testcase name="parse" classname="org.guldenj.utils.MonetaryFormatTest" time="0"/>
  <testcase name="btcRounding" classname="org.guldenj.utils.MonetaryFormatTest" time="0"/>
  <testcase name="repeatOptionalDecimals" classname="org.guldenj.utils.MonetaryFormatTest" time="0"/>
  <testcase name="parseInvalidHugeNegativeNumber" classname="org.guldenj.utils.MonetaryFormatTest" time="0"/>
  <testcase name="parseInvalidDecimalMark" classname="org.guldenj.utils.MonetaryFormatTest" time="0"/>
  <testcase name="parseInvalidWhitespaceAfter" classname="org.guldenj.utils.MonetaryFormatTest" time="0"/>
  <testcase name="parseInvalidHugeNumber" classname="org.guldenj.utils.MonetaryFormatTest" time="0"/>
  <testcase name="testGrouping" classname="org.guldenj.utils.MonetaryFormatTest" time="0"/>
  <testcase name="testDigits" classname="org.guldenj.utils.MonetaryFormatTest" time="0"/>
  <testcase name="missingCode" classname="org.guldenj.utils.MonetaryFormatTest" time="0"/>
  <testcase name="withLocale" classname="org.guldenj.utils.MonetaryFormatTest" time="0"/>
  <testcase name="parseInvalidEmpty" classname="org.guldenj.utils.MonetaryFormatTest" time="0"/>
  <testcase name="parseInvalidWhitespaceBefore" classname="org.guldenj.utils.MonetaryFormatTest" time="0"/>
</testsuite>