<?xml version="1.0" encoding="UTF-8"?>
<testsuite xmlns:xsi="http://www.w3.org/2001/XMLSchema-instance" xsi:schemaLocation="https://maven.apache.org/surefire/maven-surefire-plugin/xsd/surefire-test-report.xsd" name="org.guldenj.core.PeerTest" time="8.82" tests="92" errors="0" skipped="0" failures="0">
  <properties>
[...]
</properties>
  <testcase name="recursiveDependencyDownloadDisabled[0]" classname="org.guldenj.core.PeerTest" time="0.088"/>
  <testcase name="testAddConnectedEventListener[0]" classname="org.guldenj.core.PeerTest" time="0.037"/>
  <testcase name="acceptTimeLockedDependency[0]" classname="org.guldenj.core.PeerTest" time="0.153"/>
  <testcase name="timeLockedTransactionNew[0]" classname="org.guldenj.core.PeerTest" time="0.18"/>
  <testcase name="invDownloadTx[0]" classname="org.guldenj.core.PeerTest" time="0.076"/>
  <testcase name="disconnectOldVersions1[0]" classname="org.guldenj.core.PeerTest" time="0.032"/>
  <testcase name="rejectTimeLockedDependency[0]" classname="org.guldenj.core.PeerTest" time="0.109"/>
  <testcase name="invNoDownload[0]" classname="org.guldenj.core.PeerTest" time="0.071"/>
  <testcase name="badMessage[0]" classname="org.guldenj.core.PeerTest" time="0.033"/>
  <testcase name="pingPong[0]" classname="org.guldenj.core.PeerTest" time="0.158"/>
  <testcase name="shutdown[0]" classname="org.guldenj.core.PeerTest" time="0.032"/>
  <testcase name="fastCatchup[0]" classname="org.guldenj.core.PeerTest" time="0.114"/>
  <testcase name="chainDownloadEnd2End[0]" classname="org.guldenj.core.PeerTest" time="0.247"/>
  <testcase name="testAddDisconnectedEventListener[0]" classname="org.guldenj.core.PeerTest" time="0.032"/>
  <testcase name="exceptionListener[0]" classname="org.guldenj.core.PeerTest" time="0.04"/>
  <testcase name="startBlockChainDownload[0]" classname="org.guldenj.core.PeerTest" time="0.087"/>
  <testcase name="newBlock[0]" classname="org.guldenj.core.PeerTest" time="0.073"/>
  <testcase name="getLargeBlock[0]" classname="org.guldenj.core.PeerTest" time="0.154"/>
  <testcase name="recursiveDependencyDownload[0]" classname="org.guldenj.core.PeerTest" time="0.272"/>
  <testcase name="invDownloadTxMultiPeer[0]" classname="org.guldenj.core.PeerTest" time="0.071"/>
  <testcase name="invTickle[0]" classname="org.guldenj.core.PeerTest" time="0.048"/>
  <testcase name="getBlock[0]" classname="org.guldenj.core.PeerTest" time="0.07"/>
  <testcase name="getUTXOs[0]" classname="org.guldenj.core.PeerTest" time="0.075"/>
  <testcase name="recursiveDependencyDownloadDisabled[1]" classname="org.guldenj.core.PeerTest" time="0.069"/>
  <testcase name="testAddConnectedEventListener[1]" classname="org.guldenj.core.PeerTest" time="0.032"/>
  <testcase name="acceptTimeLockedDependency[1]" classname="org.guldenj.core.PeerTest" time="0.116"/>
  <testcase name="timeLockedTransactionNew[1]" classname="org.guldenj.core.PeerTest" time="0.183"/>
  <testcase name="invDownloadTx[1]" classname="org.guldenj.core.PeerTest" time="0.077"/>
  <testcase name="disconnectOldVersions1[1]" classname="org.guldenj.core.PeerTest" time="0.03"/>
  <testcase name="rejectTimeLockedDependency[1]" classname="org.guldenj.core.PeerTest" time="0.106"/>
  <testcase name="invNoDownload[1]" classname="org.guldenj.core.PeerTest" time="0.071"/>
  <testcase name="badMessage[1]" classname="org.guldenj.core.PeerTest" time="0.038"/>
  <testcase name="pingPong[1]" classname="org.guldenj.core.PeerTest" time="0.162"/>
  <testcase name="shutdown[1]" classname="org.guldenj.core.PeerTest" time="0.034"/>
  <testcase name="fastCatchup[1]" classname="org.guldenj.core.PeerTest" time="0.085"/>
  <testcase name="chainDownloadEnd2End[1]" classname="org.guldenj.core.PeerTest" time="0.237"/>
  <testcase name="testAddDisconnectedEventListener[1]" classname="org.guldenj.core.PeerTest" time="0.047"/>
  <testcase name="exceptionListener[1]" classname="org.guldenj.core.PeerTest" time="0.026"/>
  <testcase name="startBlockChainDownload[1]" classname="org.guldenj.core.PeerTest" time="0.079"/>
  <testcase name="newBlock[1]" classname="org.guldenj.core.PeerTest" time="0.083"/>
  <testcase name="getLargeBlock[1]" classname="org.guldenj.core.PeerTest" time="0.128"/>
  <testcase name="recursiveDependencyDownload[1]" classname="org.guldenj.core.PeerTest" time="0.298"/>
  <testcase name="invDownloadTxMultiPeer[1]" classname="org.guldenj.core.PeerTest" time="0.066"/>
  <testcase name="invTickle[1]" classname="org.guldenj.core.PeerTest" time="0.034"/>
  <testcase name="getBlock[1]" classname="org.guldenj.core.PeerTest" time="0.069"/>
  <testcase name="getUTXOs[1]" classname="org.guldenj.core.PeerTest" time="0.108"/>
  <testcase name="recursiveDependencyDownloadDisabled[2]" classname="org.guldenj.core.PeerTest" time="0.072"/>
  <testcase name="testAddConnectedEventListener[2]" classname="org.guldenj.core.PeerTest" time="0.03"/>
  <testcase name="acceptTimeLockedDependency[2]" classname="org.guldenj.core.PeerTest" time="0.106"/>
  <testcase name="timeLockedTransactionNew[2]" classname="org.guldenj.core.PeerTest" time="0.207"/>
  <testcase name="invDownloadTx[2]" classname="org.guldenj.core.PeerTest" time="0.065"/>
  <testcase name="disconnectOldVersions1[2]" classname="org.guldenj.core.PeerTest" time="0.031"/>
  <testcase name="rejectTimeLockedDependency[2]" classname="org.guldenj.core.PeerTest" time="0.097"/>
  <testcase name="invNoDownload[2]" classname="org.guldenj.core.PeerTest" time="0.068"/>
  <testcase name="badMessage[2]" classname="org.guldenj.core.PeerTest" time="0.032"/>
  <testcase name="pingPong[2]" classname="org.guldenj.core.PeerTest" time="0.148"/>
  <testcase name="shutdown[2]" classname="org.guldenj.core.PeerTest" time="0.028"/>
  <testcase name="fastCatchup[2]" classname="org.guldenj.core.PeerTest" time="0.088"/>
  <testcase name="chainDownloadEnd2End[2]" classname="org.guldenj.core.PeerTest" time="0.241"/>
  <testcase name="testAddDisconnectedEventListener[2]" classname="org.guldenj.core.PeerTest" time="0.038"/>
  <testcase name="exceptionListener[2]" classname="org.guldenj.core.PeerTest" time="0.048"/>
  <testcase name="startBlockChainDownload[2]" classname="org.guldenj.core.PeerTest" time="0.077"/>
  <testcase name="newBlock[2]" classname="org.guldenj.core.PeerTest" time="0.096"/>
  <testcase name="getLargeBlock[2]" classname="org.guldenj.core.PeerTest" time="0.117"/>
  <testcase name="recursiveDependencyDownload[2]" classname="org.guldenj.core.PeerTest" time="0.282"/>
  <testcase name="invDownloadTxMultiPeer[2]" classname="org.guldenj.core.PeerTest" time="0.065"/>
  <testcase name="invTickle[2]" classname="org.guldenj.core.PeerTest" time="0.036"/>
  <testcase name="getBlock[2]" classname="org.guldenj.core.PeerTest" time="0.065"/>
  <testcase name="getUTXOs[2]" classname="org.guldenj.core.PeerTest" time="0.115"/>
  <testcase name="recursiveDependencyDownloadDisabled[3]" classname="org.guldenj.core.PeerTest" time="0.087"/>
  <testcase name="testAddConnectedEventListener[3]" classname="org.guldenj.core.PeerTest" time="0.039"/>
  <testcase name="acceptTimeLockedDependency[3]" classname="org.guldenj.core.PeerTest" time="0.121"/>
  <testcase name="timeLockedTransactionNew[3]" classname="org.guldenj.core.PeerTest" time="0.19"/>
  <testcase name="invDownloadTx[3]" classname="org.guldenj.core.PeerTest" time="0.077"/>
  <testcase name="disconnectOldVersions1[3]" classname="org.guldenj.core.PeerTest" time="0.04"/>
  <testcase name="rejectTimeLockedDependency[3]" classname="org.guldenj.core.PeerTest" time="0.108"/>
  <testcase name="invNoDownload[3]" classname="org.guldenj.core.PeerTest" time="0.074"/>
  <testcase name="badMessage[3]" classname="org.guldenj.core.PeerTest" time="0.034"/>
  <testcase name="pingPong[3]" classname="org.guldenj.core.PeerTest" time="0.154"/>
  <testcase name="shutdown[3]" classname="org.guldenj.core.PeerTest" time="0.03"/>
  <testcase name="fastCatchup[3]" classname="org.guldenj.core.PeerTest" time="0.11"/>
  <testcase name="chainDownloadEnd2End[3]" classname="org.guldenj.core.PeerTest" time="0.248"/>
  <testcase name="testAddDisconnectedEventListener[3]" classname="org.guldenj.core.PeerTest" time="0.023"/>
  <testcase name="exceptionListener[3]" classname="org.guldenj.core.PeerTest" time="0.031"/>
  <testcase name="startBlockChainDownload[3]" classname="org.guldenj.core.PeerTest" time="0.072"/>
  <testcase name="newBlock[3]" classname="org.guldenj.core.PeerTest" time="0.081"/>
  <testcase name="getLargeBlock[3]" classname="org.guldenj.core.PeerTest" time="0.11"/>
  <testcase name="recursiveDependencyDownload[3]" classname="org.guldenj.core.PeerTest" time="0.27"/>
  <testcase name="invDownloadTxMultiPeer[3]" classname="org.guldenj.core.PeerTest" time="0.068"/>
  <testcase name="invTickle[3]" classname="org.guldenj.core.PeerTest" time="0.035"/>
  <testcase name="getBlock[3]" classname="org.guldenj.core.PeerTest" time="0.084"/>
  <testcase name="getUTXOs[3]" classname="org.guldenj.core.PeerTest" time="0.112"/>
</testsuite>