<?xml version="1.0" encoding="UTF-8"?>
<testsuite xmlns:xsi="http://www.w3.org/2001/XMLSchema-instance" xsi:schemaLocation="https://maven.apache.org/surefire/maven-surefire-plugin/xsd/surefire-test-report.xsd" name="org.guldenj.protocols.channels.ChannelConnectionTest" time="13.208" tests="34" errors="0" skipped="0" failures="0">
  <properties>
[...]
</properties>
  <testcase name="testDontResumeEmptyChannels[0: ChannelConnectionTest(VERSION_1)]" classname="org.guldenj.protocols.channels.ChannelConnectionTest" time="0.16"/>
  <testcase name="testServerErrorHandling_killSocketOnClose[0: ChannelConnectionTest(VERSION_1)]" classname="org.guldenj.protocols.channels.ChannelConnectionTest" time="0.062"/>
  <testcase name="testServerErrorHandling_killSocketOnError[0: ChannelConnectionTest(VERSION_1)]" classname="org.guldenj.protocols.channels.ChannelConnectionTest" time="0.058"/>
  <testcase name="testClientUnknownVersion[0: ChannelConnectionTest(VERSION_1)]" classname="org.guldenj.protocols.channels.ChannelConnectionTest" time="0.054"/>
  <testcase name="testChannelResume[0: ChannelConnectionTest(VERSION_1)]" classname="org.guldenj.protocols.channels.ChannelConnectionTest" time="2.116"/>
  <testcase name="repeatedChannels[0: ChannelConnectionTest(VERSION_1)]" classname="org.guldenj.protocols.channels.ChannelConnectionTest" time="0.082"/>
  <testcase name="testClientErrorHandlingIncreasePaymentError[0: ChannelConnectionTest(VERSION_1)]" classname="org.guldenj.protocols.channels.ChannelConnectionTest" time="0.061"/>
  <testcase name="testValuesAreRespected[0: ChannelConnectionTest(VERSION_1)]" classname="org.guldenj.protocols.channels.ChannelConnectionTest" time="0.061"/>
  <testcase name="testClientRandomMessage[0: ChannelConnectionTest(VERSION_1)]" classname="org.guldenj.protocols.channels.ChannelConnectionTest" time="0.055"/>
  <testcase name="testClientTimeWindowUnacceptable[0: ChannelConnectionTest(VERSION_1)]" classname="org.guldenj.protocols.channels.ChannelConnectionTest" time="0.058"/>
  <testcase name="testClientResumeNothing[0: ChannelConnectionTest(VERSION_1)]" classname="org.guldenj.protocols.channels.ChannelConnectionTest" time="0.056"/>
  <testcase name="testSimpleChannel[0: ChannelConnectionTest(VERSION_1)]" classname="org.guldenj.protocols.channels.ChannelConnectionTest" time="1.752"/>
  <testcase name="testEncryptedClientWallet[0: ChannelConnectionTest(VERSION_1)]" classname="org.guldenj.protocols.channels.ChannelConnectionTest" time="1.83"/>
  <testcase name="testEmptyWallet[0: ChannelConnectionTest(VERSION_1)]" classname="org.guldenj.protocols.channels.ChannelConnectionTest" time="0.106"/>
  <testcase name="testBadResumeHash[0: ChannelConnectionTest(VERSION_1)]" classname="org.guldenj.protocols.channels.ChannelConnectionTest" time="0.079"/>
  <testcase name="testClientRefusesNonCanonicalKey[0: ChannelConnectionTest(VERSION_1)]" classname="org.guldenj.protocols.channels.ChannelConnectionTest" time="0.104"/>
  <testcase name="testServerErrorHandling_badTransaction[0: ChannelConnectionTest(VERSION_1)]" classname="org.guldenj.protocols.channels.ChannelConnectionTest" time="0.088"/>
  <testcase name="testDontResumeEmptyChannels[1: ChannelConnectionTest(VERSION_2_ALLOW_1)]" classname="org.guldenj.protocols.channels.ChannelConnectionTest" time="0.073"/>
  <testcase name="testServerErrorHandling_killSocketOnClose[1: ChannelConnectionTest(VERSION_2_ALLOW_1)]" classname="org.guldenj.protocols.channels.ChannelConnectionTest" time="0.053"/>
  <testcase name="testServerErrorHandling_killSocketOnError[1: ChannelConnectionTest(VERSION_2_ALLOW_1)]" classname="org.guldenj.protocols.channels.ChannelConnectionTest" time="0.065"/>
  <testcase name="testClientUnknownVersion[1: ChannelConnectionTest(VERSION_2_ALLOW_1)]" classname="org.guldenj.protocols.channels.ChannelConnectionTest" time="0.054"/>
  <testcase name="testChannelResume[1: ChannelConnectionTest(VERSION_2_ALLOW_1)]" classname="org.guldenj.protocols.channels.ChannelConnectionTest" time="2.091"/>
  <testcase name="repeatedChannels[1: ChannelConnectionTest(VERSION_2_ALLOW_1)]" classname="org.guldenj.protocols.channels.ChannelConnectionTest" time="0.068"/>
  <testcase name="testClientErrorHandlingIncreasePaymentError[1: ChannelConnectionTest(VERSION_2_ALLOW_1)]" classname="org.guldenj.protocols.channels.ChannelConnectionTest" time="0.09"/>
  <testcase name="testValuesAreRespected[1: ChannelConnectionTest(VERSION_2_ALLOW_1)]" classname="org.guldenj.protocols.channels.ChannelConnectionTest" time="0.062"/>
  <testcase name="testClientRandomMessage[1: ChannelConnectionTest(VERSION_2_ALLOW_1)]" classname="org.guldenj.protocols.channels.ChannelConnectionTest" time="0.054"/>
  <testcase name="testClientTimeWindowUnacceptable[1: ChannelConnectionTest(VERSION_2_ALLOW_1)]" classname="org.guldenj.protocols.channels.ChannelConnectionTest" time="0.063"/>
  <testcase name="testClientResumeNothing[1: ChannelConnectionTest(VERSION_2_ALLOW_1)]" classname="org.guldenj.protocols.channels.ChannelConnectionTest" time="0.056"/>
  <testcase name="testSimpleChannel[1: ChannelConnectionTest(VERSION_2_ALLOW_1)]" classname="org.guldenj.protocols.channels.ChannelConnectionTest" time="1.67"/>
  <testcase name="testEncryptedClientWallet[1: ChannelConnectionTest(VERSION_2_ALLOW_1)]" classname="org.guldenj.protocols.channels.ChannelConnectionTest" time="1.753"/>
  <testcase name="testEmptyWallet[1: ChannelConnectionTest(VERSION_2_ALLOW_1)]" classname="org.guldenj.protocols.channels.ChannelConnectionTest" time="0.085"/>
  <testcase name="testBadResumeHash[1: ChannelConnectionTest(VERSION_2_ALLOW_1)]" classname="org.guldenj.protocols.channels.ChannelConnectionTest" time="0.055"/>
  <testcase name="testClientRefusesNonCanonicalKey[1: ChannelConnectionTest(VERSION_2_ALLOW_1)]" classname="org.guldenj.protocols.channels.ChannelConnectionTest" time="0.058"/>
  <testcase name="testServerErrorHandling_badTransaction[1: ChannelConnectionTest(VERSION_2_ALLOW_1)]" classname="org.guldenj.protocols.channels.ChannelConnectionTest" time="0.056"/>
</testsuite>