<?xml version="1.0" encoding="UTF-8"?>
<testsuite xmlns:xsi="http://www.w3.org/2001/XMLSchema-instance" xsi:schemaLocation="https://maven.apache.org/surefire/maven-surefire-plugin/xsd/surefire-test-report.xsd" name="org.guldenj.core.WalletTest" time="11.734" tests="117" errors="0" skipped="0" failures="0">
  <properties>
[...]
</properties>
  <testcase name="completeTxPartiallySignedMarriedThrows" classname="org.guldenj.core.WalletTest" time="0.133"/>
  <testcase name="removeScriptsBloomFilter" classname="org.guldenj.core.WalletTest" time="0.036"/>
  <testcase name="sendMultipleCentsTest" classname="org.guldenj.core.WalletTest" time="0.032"/>
  <testcase name="cleanupFailsDueToSpend" classname="org.guldenj.core.WalletTest" time="0.037"/>
  <testcase name="spendOutputFromPendingTransaction" classname="org.guldenj.core.WalletTest" time="0.032"/>
  <testcase name="isConsistent_pools" classname="org.guldenj.core.WalletTest" time="0.031"/>
  <testcase name="isConsistent_spent" classname="org.guldenj.core.WalletTest" time="0.028"/>
  <testcase name="keyRotationHD" classname="org.guldenj.core.WalletTest" time="0.088"/>
  <testcase name="balances" classname="org.guldenj.core.WalletTest" time="0.031"/>
  <testcase name="txSpendingDeadTx" classname="org.guldenj.core.WalletTest" time="0.036"/>
  <testcase name="sideChain" classname="org.guldenj.core.WalletTest" time="0.032"/>
  <testcase name="twoOpReturnsPerTransactionTest" classname="org.guldenj.core.WalletTest" time="0.032"/>
  <testcase name="completeTxPartiallySignedThrows" classname="org.guldenj.core.WalletTest" time="0.034"/>
  <testcase name="watchingWalletWithCreationTime" classname="org.guldenj.core.WalletTest" time="0.033"/>
  <testcase name="watchingScriptsConfirmed" classname="org.guldenj.core.WalletTest" time="0.031"/>
  <testcase name="isTxConsistentReturnsFalseAsExpected" classname="org.guldenj.core.WalletTest" time="0.085"/>
  <testcase name="replayWhilstPending" classname="org.guldenj.core.WalletTest" time="0.035"/>
  <testcase name="getSeedAsWords1" classname="org.guldenj.core.WalletTest" time="0.03"/>
  <testcase name="sendRequestMemo" classname="org.guldenj.core.WalletTest" time="0.045"/>
  <testcase name="sendDustTest" classname="org.guldenj.core.WalletTest" time="0.029"/>
  <testcase name="addUnencryptedKeyToEncryptedWallet" classname="org.guldenj.core.WalletTest" time="0.104"/>
  <testcase name="testEmptyRandomWallet" classname="org.guldenj.core.WalletTest" time="0.052"/>
  <testcase name="testCompleteTxWithExistingInputs" classname="org.guldenj.core.WalletTest" time="0.039"/>
  <testcase name="transactionGetFeeTest" classname="org.guldenj.core.WalletTest" time="0.03"/>
  <testcase name="sendDustAndOpReturnWithoutValueTest" classname="org.guldenj.core.WalletTest" time="0.03"/>
  <testcase name="completeTxPartiallySignedMarriedWithDummySigs" classname="org.guldenj.core.WalletTest" time="0.123"/>
  <testcase name="bounce" classname="org.guldenj.core.WalletTest" time="0.035"/>
  <testcase name="completeTxPartiallySignedMarriedThrowsByDefault" classname="org.guldenj.core.WalletTest" time="0.125"/>
  <testcase name="opReturnTwoOutputsTest" classname="org.guldenj.core.WalletTest" time="0.032"/>
  <testcase name="keyRotationRandom" classname="org.guldenj.core.WalletTest" time="0.08"/>
  <testcase name="importOfHDKeyForbidden" classname="org.guldenj.core.WalletTest" time="0.029"/>
  <testcase name="fromKeys" classname="org.guldenj.core.WalletTest" time="0.06"/>
  <testcase name="ageMattersDuringSelection" classname="org.guldenj.core.WalletTest" time="0.05"/>
  <testcase name="upgradeToHDEncrypted" classname="org.guldenj.core.WalletTest" time="0.119"/>
  <testcase name="encryptionDecryptionBadPassword" classname="org.guldenj.core.WalletTest" time="0.159"/>
  <testcase name="opReturnOneOutputTest" classname="org.guldenj.core.WalletTest" time="0.036"/>
  <testcase name="spendToSameWallet" classname="org.guldenj.core.WalletTest" time="0.043"/>
  <testcase name="completeTxPartiallySignedWithDummySigs" classname="org.guldenj.core.WalletTest" time="0.032"/>
  <testcase name="doubleSpendWeCreate" classname="org.guldenj.core.WalletTest" time="0.05"/>
  <testcase name="lastBlockSeen" classname="org.guldenj.core.WalletTest" time="0.031"/>
  <testcase name="mismatchedCrypter" classname="org.guldenj.core.WalletTest" time="0.268"/>
  <testcase name="sendRequestExchangeRate" classname="org.guldenj.core.WalletTest" time="0.036"/>
  <testcase name="keyCreationTime" classname="org.guldenj.core.WalletTest" time="0.056"/>
  <testcase name="doubleSpendForBuildingTx" classname="org.guldenj.core.WalletTest" time="0.036"/>
  <testcase name="higherThanDefaultFee" classname="org.guldenj.core.WalletTest" time="0.038"/>
  <testcase name="sendRequestP2PKHTest" classname="org.guldenj.core.WalletTest" time="0.025"/>
  <testcase name="doubleSpendFinneyAttack" classname="org.guldenj.core.WalletTest" time="0.04"/>
  <testcase name="respectMaxStandardSize" classname="org.guldenj.core.WalletTest" time="0.051"/>
  <testcase name="sendCoinsWithBroadcasterTest" classname="org.guldenj.core.WalletTest" time="0.031"/>
  <testcase name="balance" classname="org.guldenj.core.WalletTest" time="0.033"/>
  <testcase name="watchingScriptsSentFrom" classname="org.guldenj.core.WalletTest" time="0.035"/>
  <testcase name="shouldNotAddTransactionSignerThatIsNotReady" classname="org.guldenj.core.WalletTest" time="0.028"/>
  <testcase name="marriedKeychainBloomFilter" classname="org.guldenj.core.WalletTest" time="0.124"/>
  <testcase name="thresholdShouldNotExceedNumberOfKeys" classname="org.guldenj.core.WalletTest" time="0.106"/>
  <testcase name="isWatching" classname="org.guldenj.core.WalletTest" time="0.081"/>
  <testcase name="opReturnOneOutputWithValueTest" classname="org.guldenj.core.WalletTest" time="0.03"/>
  <testcase name="doubleSpendUnspendsOtherInputs" classname="org.guldenj.core.WalletTest" time="0.032"/>
  <testcase name="sendDustAndMessageWithValueTest" classname="org.guldenj.core.WalletTest" time="0.029"/>
  <testcase name="transactionInBlockNotification" classname="org.guldenj.core.WalletTest" time="0.03"/>
  <testcase name="riskAnalysis" classname="org.guldenj.core.WalletTest" time="0.03"/>
  <testcase name="keyRotationHD2" classname="org.guldenj.core.WalletTest" time="0.083"/>
  <testcase name="addEncryptedKeyToUnencryptedWallet" classname="org.guldenj.core.WalletTest" time="0.153"/>
  <testcase name="watchingWallet" classname="org.guldenj.core.WalletTest" time="0.031"/>
  <testcase name="changePasswordTest" classname="org.guldenj.core.WalletTest" time="0.303"/>
  <testcase name="doubleSpendWeReceive" classname="org.guldenj.core.WalletTest" time="0.029"/>
  <testcase name="removeWatchedAddress" classname="org.guldenj.core.WalletTest" time="0.027"/>
  <testcase name="lowerThanDefaultFee" classname="org.guldenj.core.WalletTest" time="0.032"/>
  <testcase name="reset" classname="org.guldenj.core.WalletTest" time="0.028"/>
  <testcase name="changeAesKeyTest" classname="org.guldenj.core.WalletTest" time="0.211"/>
  <testcase name="spendingWithIncompatibleSigners" classname="org.guldenj.core.WalletTest" time="0.038"/>
  <testcase name="testCategory2WithChange" classname="org.guldenj.core.WalletTest" time="0.079"/>
  <testcase name="basicSpendingToP2SH" classname="org.guldenj.core.WalletTest" time="0.08"/>
  <testcase name="testAddTransactionsDependingOn" classname="org.guldenj.core.WalletTest" time="0.057"/>
  <testcase name="customTransactionSpending" classname="org.guldenj.core.WalletTest" time="0.066"/>
  <testcase name="blockChainCatchup" classname="org.guldenj.core.WalletTest" time="0.056"/>
  <testcase name="pending1" classname="org.guldenj.core.WalletTest" time="0.04"/>
  <testcase name="pending2" classname="org.guldenj.core.WalletTest" time="0.04"/>
  <testcase name="pending3" classname="org.guldenj.core.WalletTest" time="0.054"/>
  <testcase name="upgradeToHDUnencrypted" classname="org.guldenj.core.WalletTest" time="0.068"/>
  <testcase name="exceptionsDoNotBlockAllListeners" classname="org.guldenj.core.WalletTest" time="0.031"/>
  <testcase name="checkSeed" classname="org.guldenj.core.WalletTest" time="0.027"/>
  <testcase name="scriptCreationTime" classname="org.guldenj.core.WalletTest" time="0.054"/>
  <testcase name="getWatchedAddresses" classname="org.guldenj.core.WalletTest" time="0.028"/>
  <testcase name="autosaveImmediate" classname="org.guldenj.core.WalletTest" time="0.049"/>
  <testcase name="transactionsList" classname="org.guldenj.core.WalletTest" time="0.032"/>
  <testcase name="feePerKbCategoryJumpTest" classname="org.guldenj.core.WalletTest" time="0.034"/>
  <testcase name="encryptionDecryptionPasswordBasic" classname="org.guldenj.core.WalletTest" time="0.156"/>
  <testcase name="totalReceivedSent" classname="org.guldenj.core.WalletTest" time="0.034"/>
  <testcase name="testEmptyWallet" classname="org.guldenj.core.WalletTest" time="0.037"/>
  <testcase name="basicSpending" classname="org.guldenj.core.WalletTest" time="0.044"/>
  <testcase name="basicCategoryStepTest" classname="org.guldenj.core.WalletTest" time="1.241"/>
  <testcase name="cleanup" classname="org.guldenj.core.WalletTest" time="0.039"/>
  <testcase name="sendCoinsNoBroadcasterTest" classname="org.guldenj.core.WalletTest" time="0.054"/>
  <testcase name="autosaveDelayed" classname="org.guldenj.core.WalletTest" time="3.074"/>
  <testcase name="completeTxPartiallySignedWithEmptySig" classname="org.guldenj.core.WalletTest" time="0.034"/>
  <testcase name="importAndEncrypt" classname="org.guldenj.core.WalletTest" time="0.208"/>
  <testcase name="doubleSpends" classname="org.guldenj.core.WalletTest" time="0.054"/>
  <testcase name="basicSpendingFromP2SH" classname="org.guldenj.core.WalletTest" time="0.379"/>
  <testcase name="duplicatedBlock" classname="org.guldenj.core.WalletTest" time="0.027"/>
  <testcase name="completeTxPartiallySignedMarriedWithEmptySig" classname="org.guldenj.core.WalletTest" time="0.118"/>
  <testcase name="watchingScriptsBloomFilter" classname="org.guldenj.core.WalletTest" time="0.03"/>
  <testcase name="isTxConsistentReturnsFalseAsExpected_WhenAvailableForSpendingEqualsFalse" classname="org.guldenj.core.WalletTest" time="0.053"/>
  <testcase name="transactionSignersShouldBeSerializedAlongWithWallet" classname="org.guldenj.core.WalletTest" time="0.032"/>
  <testcase name="pubkeyOnlyScripts" classname="org.guldenj.core.WalletTest" time="0.029"/>
  <testcase name="outOfOrderPendingTxns" classname="org.guldenj.core.WalletTest" time="0.031"/>
  <testcase name="basicSpendingWithEncryptedWallet" classname="org.guldenj.core.WalletTest" time="0.218"/>
  <testcase name="encryptionDecryptionCheckExceptions" classname="org.guldenj.core.WalletTest" time="0.16"/>
  <testcase name="removeWatchedAddresses" classname="org.guldenj.core.WalletTest" time="0.028"/>
  <testcase name="isConsistent_duplicates" classname="org.guldenj.core.WalletTest" time="0.03"/>
  <testcase name="watchingMarriedWallet" classname="org.guldenj.core.WalletTest" time="0.089"/>
  <testcase name="sendRequestP2PKTest" classname="org.guldenj.core.WalletTest" time="0.027"/>
  <testcase name="feeSolverAndCoinSelectionTest" classname="org.guldenj.core.WalletTest" time="0.063"/>
  <testcase name="watchingScripts" classname="org.guldenj.core.WalletTest" time="0.031"/>
  <testcase name="keyEvents" classname="org.guldenj.core.WalletTest" time="0.054"/>
  <testcase name="transactions" classname="org.guldenj.core.WalletTest" time="0.028"/>
  <testcase name="sortTxnsByDependency" classname="org.guldenj.core.WalletTest" time="0.042"/>
  <testcase name="encryptionDecryptionAESBasic" classname="org.guldenj.core.WalletTest" time="0.26"/>
</testsuite>