<?xml version="1.0" encoding="UTF-8"?>
<testsuite xmlns:xsi="http://www.w3.org/2001/XMLSchema-instance" xsi:schemaLocation="https://maven.apache.org/surefire/maven-surefire-plugin/xsd/surefire-test-report.xsd" name="org.guldenj.core.PeerGroupTest" time="8.563" tests="42" errors="0" skipped="2" failures="0">
  <properties>
[...]
</properties>
  <testcase name="singleDownloadPeer1[0]" classname="org.guldenj.core.PeerGroupTest" time="0.344"/>
  <testcase name="singleDownloadPeer2[0]" classname="org.guldenj.core.PeerGroupTest" time="0.234"/>
  <testcase name="receiveTxBroadcastOnAddedWallet[0]" classname="org.guldenj.core.PeerGroupTest" time="0.156"/>
  <testcase name="downloadPeerSelection[0]" classname="org.guldenj.core.PeerGroupTest" time="0.222"/>
  <testcase name="preferLocalPeer[0]" classname="org.guldenj.core.PeerGroupTest" time="0.052"/>
  <testcase name="waitForNumPeers1[0]" classname="org.guldenj.core.PeerGroupTest" time="0.188"/>
  <testcase name="transactionConfidence[0]" classname="org.guldenj.core.PeerGroupTest" time="0.204"/>
  <testcase name="peerTimeoutTest[0]" classname="org.guldenj.core.PeerGroupTest" time="0.136"/>
  <testcase name="autoRescanOnKeyExhaustion[0]" classname="org.guldenj.core.PeerGroupTest" time="0.299"/>
  <testcase name="pings[0]" classname="org.guldenj.core.PeerGroupTest" time="0.344"/>
  <testcase name="receiveTxBroadcast[0]" classname="org.guldenj.core.PeerGroupTest" time="0.208"/>
  <testcase name="testBloomResendOnNewKey[0]" classname="org.guldenj.core.PeerGroupTest" time="0.128"/>
  <testcase name="peerDiscoveryPolling[0]" classname="org.guldenj.core.PeerGroupTest" time="1.038"/>
  <testcase name="testBloomOnP2Pubkey[0]" classname="org.guldenj.core.PeerGroupTest" time="0.212"/>
  <testcase name="peerPriority[0]" classname="org.guldenj.core.PeerGroupTest" time="0">
    <skipped message="disabled for now as this test is too flaky"/>
  </testcase>
  <testcase name="waitForPeersOfVersion[0]" classname="org.guldenj.core.PeerGroupTest" time="0.154"/>
  <testcase name="listener[0]" classname="org.guldenj.core.PeerGroupTest" time="0.127"/>
  <testcase name="multiplePeerDiscovery[0]" classname="org.guldenj.core.PeerGroupTest" time="0.054"/>
  <testcase name="testWalletCatchupTime[0]" classname="org.guldenj.core.PeerGroupTest" time="0.065"/>
  <testcase name="waitForPeersWithServiceFlags[0]" classname="org.guldenj.core.PeerGroupTest" time="0.179"/>
  <testcase name="noPings[0]" classname="org.guldenj.core.PeerGroupTest" time="0.083"/>
  <testcase name="singleDownloadPeer1[1]" classname="org.guldenj.core.PeerGroupTest" time="0.214"/>
  <testcase name="singleDownloadPeer2[1]" classname="org.guldenj.core.PeerGroupTest" time="0.182"/>
  <testcase name="receiveTxBroadcastOnAddedWallet[1]" classname="org.guldenj.core.PeerGroupTest" time="0.144"/>
  <testcase name="downloadPeerSelection[1]" classname="org.guldenj.core.PeerGroupTest" time="0.195"/>
  <testcase name="preferLocalPeer[1]" classname="org.guldenj.core.PeerGroupTest" time="0.037"/>
  <testcase name="waitForNumPeers1[1]" classname="org.guldenj.core.PeerGroupTest" time="0.168"/>
  <testcase name="transactionConfidence[1]" classname="org.guldenj.core.PeerGroupTest" time="0.244"/>
  <testcase name="peerTimeoutTest[1]" classname="org.guldenj.core.PeerGroupTest" time="0.134"/>
  <testcase name="autoRescanOnKeyExhaustion[1]" classname="org.guldenj.core.PeerGroupTest" time="0.293"/>
  <testcase name="pings[1]" classname="org.guldenj.core.PeerGroupTest" time="0.24"/>
  <testcase name="receiveTxBroadcast[1]" classname="org.guldenj.core.PeerGroupTest" time="0.202"/>
  <testcase name="testBloomResendOnNewKey[1]" classname="org.guldenj.core.PeerGroupTest" time="0.135"/>
  <testcase name="peerDiscoveryPolling[1]" classname="org.guldenj.core.PeerGroupTest" time="1.04"/>
  <testcase name="testBloomOnP2Pubkey[1]" classname="org.guldenj.core.PeerGroupTest" time="0.205"/>
  <testcase name="peerPriority[1]" classname="org.guldenj.core.PeerGroupTest" time="0">
    <skipped message="disabled for now as this test is too flaky"/>
  </testcase>
  <testcase name="waitForPeersOfVersion[1]" classname="org.guldenj.core.PeerGroupTest" time="0.163"/>
  <testcase name="listener[1]" classname="org.guldenj.core.PeerGroupTest" time="0.115"/>
  <testcase name="multiplePeerDiscovery[1]" classname="org.guldenj.core.PeerGroupTest" time="0.046"/>
  <testcase name="testWalletCatchupTime[1]" classname="org.guldenj.core.PeerGroupTest" time="0.074"/>
  <testcase name="waitForPeersWithServiceFlags[1]" classname="org.guldenj.core.PeerGroupTest" time="0.154"/>
  <testcase name="noPings[1]" classname="org.guldenj.core.PeerGroupTest" time="0.076"/>
</testsuite>